[debug] [2026-06-15T00:51:45.470Z] ----------------------------------------------------------------------
[debug] [2026-06-15T00:51:45.471Z] Command:       /Users/xyz/.nvm/versions/node/v22.20.0/bin/node /opt/homebrew/bin/firebase login --reauth --no-localhost --account anthony@d4da.com
[debug] [2026-06-15T00:51:45.472Z] CLI Version:   14.4.0
[debug] [2026-06-15T00:51:45.472Z] Platform:      darwin
[debug] [2026-06-15T00:51:45.472Z] Node Version:  v22.20.0
[debug] [2026-06-15T00:51:45.472Z] Time:          Sun Jun 14 2026 20:51:45 GMT-0400 (Eastern Daylight Time)
[debug] [2026-06-15T00:51:45.472Z] ----------------------------------------------------------------------
[debug] 
[debug] [2026-06-15T00:51:45.551Z] >>> [apiv2][query] POST https://auth.firebase.tools/attest [none]
[debug] [2026-06-15T00:51:45.551Z] >>> [apiv2][body] POST https://auth.firebase.tools/attest {"session_id":"d5d3a8a5-8317-4f71-9e29-b8efa3f41fd9"}
[debug] [2026-06-15T00:51:45.912Z] <<< [apiv2][status] POST https://auth.firebase.tools/attest 200
[debug] [2026-06-15T00:51:45.912Z] <<< [apiv2][body] POST https://auth.firebase.tools/attest {"token":"NLQj63vcPZooOKeKv2f_YrVCNo6SoXDao1g9Gaw-6fo"}
[info] 
[info] To sign in to the Firebase CLI:
[info] 
[info] 1. Take note of your session ID:
[info] 
[info]    D5D3A
[info] 
[info] 2. Visit the URL below on any device and follow the instructions to get your code:
[info] 
[info]    https://auth.firebase.tools/login?code_challenge=5F9JBsIjXBUxuXOwaMuAXckhfR_9UHLMc_LyfaO2_IQ&session=d5d3a8a5-8317-4f71-9e29-b8efa3f41fd9&attest=NLQj63vcPZooOKeKv2f_YrVCNo6SoXDao1g9Gaw-6fo
[info] 
[info] 3. Paste or enter the authorization code below once you have it:
[info] 
